\BOOKMARK [1][-]{section.1}{\376\377\137\025\212\000}{}% 1
\BOOKMARK [1][-]{section.2}{\376\377\200\314\146\157}{}% 2
\BOOKMARK [2][-]{subsection.2.1}{\376\377\000I\000n\000t\000e\000l\000\040\000S\000G\000X}{section.2}% 3
\BOOKMARK [2][-]{subsection.2.2}{\376\377\217\334\172\013\213\244\213\301}{section.2}% 4
\BOOKMARK [2][-]{subsection.2.3}{\376\377\123\072\127\127\224\376}{section.2}% 5
\BOOKMARK [3][-]{subsubsection.2.3.1}{\376\377\121\154\224\376\124\214\200\124\166\337\224\376}{subsection.2.3}% 6
\BOOKMARK [3][-]{subsubsection.2.3.2}{\376\377\146\172\200\375\124\010\176\246}{subsection.2.3}% 7
\BOOKMARK [1][-]{section.3}{\376\377\132\001\200\301\152\041\127\213\116\016\213\276\213\241\220\011\142\351}{}% 8
\BOOKMARK [2][-]{subsection.3.1}{\376\377\211\322\202\162}{section.3}% 9
\BOOKMARK [2][-]{subsection.3.2}{\376\377\132\001\200\301\152\041\127\213}{section.3}% 10
\BOOKMARK [2][-]{subsection.3.3}{\376\377\213\276\213\241\220\011\142\351}{section.3}% 11
\BOOKMARK [1][-]{section.4}{\376\377\213\276\213\241}{}% 12
\BOOKMARK [2][-]{subsection.4.1}{\376\377\151\202\217\360}{section.4}% 13
\BOOKMARK [3][-]{subsubsection.4.1.1}{\376\377\000E\000n\000c\000l\000a\000v\000e\000s\124\214\173\046\123\367}{subsection.4.1}% 14
\BOOKMARK [3][-]{subsubsection.4.1.2}{\376\377\147\266\147\204\124\214\135\345\117\134\155\101\172\013}{subsection.4.1}% 15
\BOOKMARK [2][-]{subsection.4.2}{\376\377\226\220\171\301\143\317\217\360\213\355\212\000}{section.4}% 16
\BOOKMARK [2][-]{subsection.4.3}{\376\377\123\357\117\341\124\214\123\357\232\214\213\301\166\204\176\323\147\234}{section.4}% 17
\BOOKMARK [2][-]{subsection.4.4}{\376\377\116\000\153\041\140\047\217\334\172\013\213\244\213\301}{section.4}% 18
\BOOKMARK [1][-]{section.5}{\376\377\213\304\117\060}{}% 19
\BOOKMARK [2][-]{subsection.5.1}{\376\377\000C\000P\000U\133\306\226\306\127\213\116\373\122\241}{section.5}% 20
\BOOKMARK [2][-]{subsection.5.2}{\376\377\000I\000/\000O\133\306\226\306\127\213\116\373\122\241}{section.5}% 21
\BOOKMARK [2][-]{subsection.5.3}{\376\377\140\047\200\375\153\324\217\203}{section.5}% 22
\BOOKMARK [1][-]{section.6}{\376\377\166\370\121\163\135\345\117\134}{}% 23
\BOOKMARK [1][-]{section.7}{\376\377\176\323\213\272}{}% 24
